This file contains any messages produced by compilers while
running configure, to aid debugging if configure makes a mistake.

It was created by configure, which was
generated by GNU Autoconf 2.67.  Invocation command line was

  $ ./configure --prefix=/home/wanglei

## --------- ##
## Platform. ##
## --------- ##

hostname = localhost.localdomain
uname -m = x86_64
uname -r = 2.6.18-164.el5
uname -s = Linux
uname -v = #1 SMP Thu Sep 3 03:28:30 EDT 2009

/usr/bin/uname -p = unknown
/bin/uname -X     = unknown

/bin/arch              = x86_64
/usr/bin/arch -k       = unknown
/usr/convex/getsysinfo = unknown
/usr/bin/hostinfo      = unknown
/bin/machine           = unknown
/usr/bin/oslevel       = unknown
/bin/universe          = unknown

PATH: /usr/kerberos/bin
PATH: /usr/local/bin
PATH: /bin
PATH: /usr/bin
PATH: /home/wanglei/bin
PATH: /home/wanglei/bin


## ----------- ##
## Core tests. ##
## ----------- ##

configure:1676: checking whether make sets $(MAKE)
configure:1698: result: yes
configure:1750: checking for a BSD-compatible install
configure:1818: result: /usr/bin/install -c
configure:1831: checking for makeinfo
configure:1847: found /usr/bin/makeinfo
configure:1859: result: makeinfo
configure:1869: checking for texi2dvi
configure:1897: result: false
configure:1907: checking for ptex
configure:1935: result: false
configure:1945: checking for jbibtex
configure:1973: result: false
configure:1983: checking for dvipdfmx
configure:2011: result: false
configure:2021: checking for texi2pdf
configure:2049: result: false
configure:2061: checking for egrep
configure:2077: found /bin/egrep
configure:2088: result: egrep
configure:2293: checking for emacs
configure:2311: found /home/wanglei/bin/emacs
configure:2323: result: /home/wanglei/bin/emacs
configure:2350: checking what a flavor does /home/wanglei/bin/emacs have
/home/wanglei/bin/emacs -q -no-site-file --no-unibyte -batch -eval '(let ((x (if (featurep (quote xemacs))	(if (and	     (condition-case nil		 (progn		   (unless (or itimer-process itimer-timer)		     (itimer-driver-start))		   (let* ((inhibit-quit t)			  (ctime (current-time))			  (itimer-timer-last-wakeup			   (prog1			       ctime			     (setcar ctime (1- (car ctime)))))			  (itimer-list nil)			  (itimer (start-itimer "*testing*"						(function ignore) 5)))		     (sleep-for 0.1)		     (prog1			 (> (itimer-value itimer) 0)		       (delete-itimer itimer))))	       (error nil))	     (string-match	      (concat (vector 94 92 40 63 58 32 43 92 41 42 92 91 92 93))	      (concat (vector 32 91 93)))	     (or (not (executable-find "cat"))		 (with-temp-buffer		   (insert "foo")		   (backward-char)		   (call-process-region (1- (point)) (point) "cat" t t)		   (goto-char (point-min))		   (looking-at "foo"))))	    "XEmacs"	  (let ((v (emacs-version)))	    (if (string-match (char-to-string 41) v)		(substring v 0 (match-end 0))	      "Old XEmacs")))      (concat "Emacs "	      (mapconcat (function identity)			 (nreverse			  (cdr (nreverse				(split-string emacs-version					      (concat (vector 92 46))))))			 "."))))) (write-region (if (stringp x) (princ x) (prin1-to-string x)) nil "./conftest-32224" nil 5))'
Emacs 23.2=> Emacs 23.2
configure:2427: result: Emacs 23.2
configure:2439: checking prefix for /home/wanglei/bin/emacs
configure:2470: result: /home/wanglei
configure:2478: checking where lisp files should go
configure:2500: result: $(datadir)/emacs/site-lisp/w3m/
configure:2662: checking where icon files should go
/home/wanglei/bin/emacs -q -no-site-file --no-unibyte -batch -eval '(let ((x (let ((prefix "/home/wanglei")	      (default (expand-file-name "images/w3m" data-directory)))	  (if (and prefix		   (progn		     (setq prefix (file-name-as-directory prefix))		     (eq 0 (string-match (regexp-quote prefix) default))))	      (replace-match "$(prefix)/" nil nil default)	    default)))) (write-region (if (stringp x) (princ x) (prin1-to-string x)) nil "./conftest-32224" nil 5))'
$(prefix)/share/emacs/share/emacs/23.2/etc/images/w3m=> $(prefix)/share/emacs/share/emacs/23.2/etc/images/w3m
configure:2706: result: $(prefix)/share/emacs/share/emacs/23.2/etc/images/w3m
configure:2891: creating ./config.status

## ---------------------- ##
## Running config.status. ##
## ---------------------- ##

This file was extended by config.status, which was
generated by GNU Autoconf 2.67.  Invocation command line was

  CONFIG_FILES    = 
  CONFIG_HEADERS  = 
  CONFIG_LINKS    = 
  CONFIG_COMMANDS = 
  $ ./config.status 

on localhost.localdomain

config.status:740: creating Makefile
config.status:740: creating doc/Makefile

## ---------------- ##
## Cache variables. ##
## ---------------- ##

EMACS_cv_SYS_flavor='Emacs 23.2'
EMACS_cv_SYS_icondir='$(prefix)/share/emacs/share/emacs/23.2/etc/images/w3m'
ac_cv_env_build_alias_set=
ac_cv_env_build_alias_value=
ac_cv_env_host_alias_set=
ac_cv_env_host_alias_value=
ac_cv_env_target_alias_set=
ac_cv_env_target_alias_value=
ac_cv_path_EMACS=/home/wanglei/bin/emacs
ac_cv_path_install='/usr/bin/install -c'
ac_cv_prog_DVIPDFMX=false
ac_cv_prog_EGREP=egrep
ac_cv_prog_JBIBTEX=false
ac_cv_prog_MAKEINFO=makeinfo
ac_cv_prog_PTEX=false
ac_cv_prog_TEXI2DVI=false
ac_cv_prog_TEXI2PDF=false
ac_cv_prog_make_make_set=yes

## ----------------- ##
## Output variables. ##
## ----------------- ##

ADDITIONAL_LOAD_PATH='NONE'
DEFS='-DPACKAGE_NAME=\"\" -DPACKAGE_TARNAME=\"\" -DPACKAGE_VERSION=\"\" -DPACKAGE_STRING=\"\" -DPACKAGE_BUGREPORT=\"\" -DPACKAGE_URL=\"\"'
DVIPDFMX='false'
ECHO_C=''
ECHO_N='-n'
ECHO_T=''
EGREP='egrep'
EMACS='/home/wanglei/bin/emacs'
ICONDIR='$(prefix)/share/emacs/share/emacs/23.2/etc/images/w3m'
INSTALL_DATA='${INSTALL} -m 644'
INSTALL_PROGRAM='${INSTALL}'
INSTALL_SCRIPT='${INSTALL}'
JBIBTEX='false'
LIBOBJS=''
LIBS=''
LTLIBOBJS=''
MAKEINFO='makeinfo'
PACKAGEDIR='NONE'
PACKAGE_BUGREPORT=''
PACKAGE_NAME=''
PACKAGE_STRING=''
PACKAGE_TARNAME=''
PACKAGE_URL=''
PACKAGE_VERSION=''
PATH_SEPARATOR=':'
PTEX='false'
SET_MAKE=''
SHELL='/bin/sh'
TEXI2DVI='false'
TEXI2PDF='false'
VANILLA_FLAG='-q -no-site-file --no-unibyte'
XEMACSDEBUG=''
bindir='${exec_prefix}/bin'
build_alias=''
datadir='${datarootdir}'
datarootdir='${prefix}/share'
docdir='${datarootdir}/doc/${PACKAGE}'
dvidir='${docdir}'
exec_prefix='${prefix}'
host_alias=''
htmldir='${docdir}'
includedir='${prefix}/include'
infodir='${datarootdir}/info'
libdir='${exec_prefix}/lib'
libexecdir='${exec_prefix}/libexec'
lispdir='$(datadir)/emacs/site-lisp/w3m'
localedir='${datarootdir}/locale'
localstatedir='${prefix}/var'
mandir='${datarootdir}/man'
oldincludedir='/usr/include'
pdfdir='${docdir}'
prefix='/home/wanglei'
program_transform_name='s,x,x,'
psdir='${docdir}'
sbindir='${exec_prefix}/sbin'
sharedstatedir='${prefix}/com'
sysconfdir='${prefix}/etc'
target_alias=''

## ----------- ##
## confdefs.h. ##
## ----------- ##

/* confdefs.h */
#define PACKAGE_NAME ""
#define PACKAGE_TARNAME ""
#define PACKAGE_VERSION ""
#define PACKAGE_STRING ""
#define PACKAGE_BUGREPORT ""
#define PACKAGE_URL ""

configure: exit 0
